[debug] [2023-07-25T12:42:31.607Z] ----------------------------------------------------------------------
[debug] [2023-07-25T12:42:31.609Z] Command:       C:\Program Files\nodejs\node.exe C:\Users\Netgear\AppData\Roaming\npm\node_modules\firebase-tools\lib\bin\firebase.js init
[debug] [2023-07-25T12:42:31.609Z] CLI Version:   12.4.5
[debug] [2023-07-25T12:42:31.610Z] Platform:      win32
[debug] [2023-07-25T12:42:31.610Z] Node Version:  v18.16.1
[debug] [2023-07-25T12:42:31.610Z] Time:          Tue Jul 25 2023 14:42:31 GMT+0200 (hora de verano de Europa central)
[debug] [2023-07-25T12:42:31.610Z] ----------------------------------------------------------------------
[debug] 
[debug] [2023-07-25T12:42:31.613Z] >>> [apiv2][query] GET https://firebase-public.firebaseio.com/cli.json [none]
[debug] [2023-07-25T12:42:31.647Z] > command requires scopes: ["email","openid","https://www.googleapis.com/auth/cloudplatformprojects.readonly","https://www.googleapis.com/auth/firebase","https://www.googleapis.com/auth/cloud-platform"]
[debug] [2023-07-25T12:42:31.648Z] > authorizing via signed-in user (sebastianbellidodg@gmail.com)
[info] 
     ######## #### ########  ######## ########     ###     ######  ########
     ##        ##  ##     ## ##       ##     ##  ##   ##  ##       ##
     ######    ##  ########  ######   ########  #########  ######  ######
     ##        ##  ##    ##  ##       ##     ## ##     ##       ## ##
     ##       #### ##     ## ######## ########  ##     ##  ######  ########

You're about to initialize a Firebase project in this directory:

  C:\Users\Netgear\freelance\SB

[debug] [2023-07-25T12:42:32.553Z] <<< [apiv2][status] GET https://firebase-public.firebaseio.com/cli.json 200
[debug] [2023-07-25T12:42:32.554Z] <<< [apiv2][body] GET https://firebase-public.firebaseio.com/cli.json {"cloudBuildErrorAfter":1594252800000,"cloudBuildWarnAfter":1590019200000,"defaultNode10After":1594252800000,"minVersion":"3.0.5","node8DeploysDisabledAfter":1613390400000,"node8RuntimeDisabledAfter":1615809600000,"node8WarnAfter":1600128000000}
[info] 
=== Project Setup
[info] 
[info] First, let's associate this project directory with a Firebase project.
[info] You can create multiple project aliases by running firebase use --add, 
[info] but for now we'll just set up a default project.
[info] 
[debug] [2023-07-25T12:42:54.247Z] > refreshing access token with scopes: []
[debug] [2023-07-25T12:42:54.248Z] >>> [apiv2][query] POST https://www.googleapis.com/oauth2/v3/token [none]
[debug] [2023-07-25T12:42:54.248Z] >>> [apiv2][body] POST https://www.googleapis.com/oauth2/v3/token [omitted]
[debug] [2023-07-25T12:42:54.588Z] <<< [apiv2][status] POST https://www.googleapis.com/oauth2/v3/token 200
[debug] [2023-07-25T12:42:54.588Z] <<< [apiv2][body] POST https://www.googleapis.com/oauth2/v3/token [omitted]
[debug] [2023-07-25T12:42:54.597Z] >>> [apiv2][query] GET https://firebase.googleapis.com/v1beta1/projects pageSize=100
[debug] [2023-07-25T12:42:55.540Z] <<< [apiv2][status] GET https://firebase.googleapis.com/v1beta1/projects 200
[debug] [2023-07-25T12:42:55.540Z] <<< [apiv2][body] GET https://firebase.googleapis.com/v1beta1/projects [omitted]
[info] i  Using project sbellido-6621d (sbellido) 
[info] 
=== Hosting Setup
